{"/home/awesam/Code/DSA/reverseNumbers/reverseNumbers.js": {"path":"/home/awesam/Code/DSA/reverseNumbers/reverseNumbers.js","statementMap":{"0":{"start":{"line":1,"column":23},"end":{"line":8,"column":1}},"1":{"start":{"line":2,"column":20},"end":{"line":2,"column":27}},"2":{"start":{"line":3,"column":19},"end":{"line":3,"column":43}},"3":{"start":{"line":4,"column":24},"end":{"line":4,"column":62}},"4":{"start":{"line":5,"column":21},"end":{"line":5,"column":38}},"5":{"start":{"line":7,"column":1},"end":{"line":7,"column":48}},"6":{"start":{"line":10,"column":0},"end":{"line":10,"column":33}}},"fnMap":{"0":{"name":"(anonymous_0)","decl":{"start":{"line":1,"column":23},"end":{"line":1,"column":24}},"loc":{"start":{"line":1,"column":32},"end":{"line":8,"column":1}},"line":1}},"branchMap":{"0":{"loc":{"start":{"line":7,"column":8},"end":{"line":7,"column":47}},"type":"cond-expr","locations":[{"start":{"line":7,"column":21},"end":{"line":7,"column":33}},{"start":{"line":7,"column":36},"end":{"line":7,"column":47}}],"line":7}},"s":{"0":1,"1":4,"2":4,"3":4,"4":4,"5":4,"6":1},"f":{"0":4},"b":{"0":[1,3]},"_coverageSchema":"1a1c01bbd47fc00a2c39e90264f33305004495a9","hash":"3c859f19490115b627ec81f8c7cd70a29302c02d"}
,"/home/awesam/Code/DSA/reverseString/reverseString.js": {"path":"/home/awesam/Code/DSA/reverseString/reverseString.js","statementMap":{"0":{"start":{"line":2,"column":19},"end":{"line":2,"column":21}},"1":{"start":{"line":4,"column":4},"end":{"line":6,"column":5}},"2":{"start":{"line":4,"column":17},"end":{"line":4,"column":31}},"3":{"start":{"line":5,"column":8},"end":{"line":5,"column":27}},"4":{"start":{"line":8,"column":4},"end":{"line":8,"column":20}},"5":{"start":{"line":11,"column":0},"end":{"line":11,"column":31}}},"fnMap":{"0":{"name":"reverseString","decl":{"start":{"line":1,"column":9},"end":{"line":1,"column":22}},"loc":{"start":{"line":1,"column":28},"end":{"line":9,"column":1}},"line":1}},"branchMap":{},"s":{"0":3,"1":3,"2":3,"3":17,"4":3,"5":1},"f":{"0":3},"b":{},"_coverageSchema":"1a1c01bbd47fc00a2c39e90264f33305004495a9","hash":"ffb57a424fb95f1ab4254b06d4e710fcf23f022a"}
}
