{"/home/awesam/Code/DSA/capitalise/capitalise.js": {"path":"/home/awesam/Code/DSA/capitalise/capitalise.js","statementMap":{"0":{"start":{"line":2,"column":4},"end":{"line":4,"column":5}},"1":{"start":{"line":3,"column":8},"end":{"line":3,"column":40}},"2":{"start":{"line":5,"column":15},"end":{"line":5,"column":29}},"3":{"start":{"line":6,"column":25},"end":{"line":9,"column":6}},"4":{"start":{"line":7,"column":28},"end":{"line":7,"column":72}},"5":{"start":{"line":8,"column":8},"end":{"line":8,"column":27}},"6":{"start":{"line":11,"column":19},"end":{"line":11,"column":41}},"7":{"start":{"line":13,"column":4},"end":{"line":13,"column":18}},"8":{"start":{"line":16,"column":0},"end":{"line":16,"column":34}},"9":{"start":{"line":17,"column":0},"end":{"line":17,"column":32}}},"fnMap":{"0":{"name":"capitaliseWords","decl":{"start":{"line":1,"column":9},"end":{"line":1,"column":24}},"loc":{"start":{"line":1,"column":30},"end":{"line":14,"column":1}},"line":1},"1":{"name":"(anonymous_1)","decl":{"start":{"line":6,"column":35},"end":{"line":6,"column":36}},"loc":{"start":{"line":6,"column":45},"end":{"line":9,"column":5}},"line":6}},"branchMap":{"0":{"loc":{"start":{"line":2,"column":4},"end":{"line":4,"column":5}},"type":"if","locations":[{"start":{"line":2,"column":4},"end":{"line":4,"column":5}},{"start":{},"end":{}}],"line":2}},"s":{"0":5,"1":2,"2":3,"3":3,"4":8,"5":8,"6":3,"7":3,"8":1,"9":1},"f":{"0":5,"1":8},"b":{"0":[2,3]},"_coverageSchema":"1a1c01bbd47fc00a2c39e90264f33305004495a9","hash":"9ba0e10e4fdb30b2428f379d96d6f520cc1ac4d2"}
,"/home/awesam/Code/DSA/chunkArray/chunkArray.js": {"path":"/home/awesam/Code/DSA/chunkArray/chunkArray.js","statementMap":{"0":{"start":{"line":1,"column":19},"end":{"line":11,"column":3}},"1":{"start":{"line":2,"column":16},"end":{"line":2,"column":18}},"2":{"start":{"line":3,"column":13},"end":{"line":3,"column":14}},"3":{"start":{"line":5,"column":1},"end":{"line":8,"column":2}},"4":{"start":{"line":6,"column":3},"end":{"line":6,"column":47}},"5":{"start":{"line":7,"column":3},"end":{"line":7,"column":17}},"6":{"start":{"line":10,"column":1},"end":{"line":10,"column":15}},"7":{"start":{"line":13,"column":2},"end":{"line":13,"column":31}}},"fnMap":{"0":{"name":"(anonymous_0)","decl":{"start":{"line":1,"column":19},"end":{"line":1,"column":20}},"loc":{"start":{"line":1,"column":34},"end":{"line":11,"column":3}},"line":1}},"branchMap":{},"s":{"0":1,"1":5,"2":5,"3":5,"4":13,"5":13,"6":5,"7":1},"f":{"0":5},"b":{},"_coverageSchema":"1a1c01bbd47fc00a2c39e90264f33305004495a9","hash":"cf9509a4d01d517e19c55cad973ce5bb70cb736d"}
,"/home/awesam/Code/DSA/mostCommon/mostCommon.js": {"path":"/home/awesam/Code/DSA/mostCommon/mostCommon.js","statementMap":{"0":{"start":{"line":1,"column":19},"end":{"line":21,"column":1}},"1":{"start":{"line":2,"column":18},"end":{"line":2,"column":44}},"2":{"start":{"line":3,"column":16},"end":{"line":3,"column":35}},"3":{"start":{"line":4,"column":16},"end":{"line":4,"column":17}},"4":{"start":{"line":5,"column":14},"end":{"line":5,"column":16}},"5":{"start":{"line":7,"column":1},"end":{"line":18,"column":2}},"6":{"start":{"line":8,"column":15},"end":{"line":10,"column":8}},"7":{"start":{"line":9,"column":2},"end":{"line":9,"column":57}},"8":{"start":{"line":12,"column":3},"end":{"line":17,"column":4}},"9":{"start":{"line":13,"column":2},"end":{"line":13,"column":19}},"10":{"start":{"line":14,"column":2},"end":{"line":14,"column":33}},"11":{"start":{"line":15,"column":10},"end":{"line":17,"column":4}},"12":{"start":{"line":16,"column":2},"end":{"line":16,"column":35}},"13":{"start":{"line":20,"column":1},"end":{"line":20,"column":15}},"14":{"start":{"line":23,"column":0},"end":{"line":23,"column":27}}},"fnMap":{"0":{"name":"(anonymous_0)","decl":{"start":{"line":1,"column":19},"end":{"line":1,"column":20}},"loc":{"start":{"line":1,"column":30},"end":{"line":21,"column":1}},"line":1},"1":{"name":"(anonymous_1)","decl":{"start":{"line":8,"column":33},"end":{"line":8,"column":34}},"loc":{"start":{"line":8,"column":45},"end":{"line":10,"column":4}},"line":8}},"branchMap":{"0":{"loc":{"start":{"line":12,"column":3},"end":{"line":17,"column":4}},"type":"if","locations":[{"start":{"line":12,"column":3},"end":{"line":17,"column":4}},{"start":{"line":15,"column":10},"end":{"line":17,"column":4}}],"line":12},"1":{"loc":{"start":{"line":15,"column":10},"end":{"line":17,"column":4}},"type":"if","locations":[{"start":{"line":15,"column":10},"end":{"line":17,"column":4}},{"start":{},"end":{}}],"line":15},"2":{"loc":{"start":{"line":15,"column":14},"end":{"line":15,"column":73}},"type":"binary-expr","locations":[{"start":{"line":15,"column":14},"end":{"line":15,"column":32}},{"start":{"line":15,"column":36},"end":{"line":15,"column":73}}],"line":15}},"s":{"0":1,"1":6,"2":6,"3":6,"4":6,"5":6,"6":25,"7":163,"8":25,"9":5,"10":5,"11":20,"12":10,"13":6,"14":1},"f":{"0":6,"1":163},"b":{"0":[5,20],"1":[10,10],"2":[20,14]},"_coverageSchema":"1a1c01bbd47fc00a2c39e90264f33305004495a9","hash":"c55c89b5f055b1b377f2f08df7bbea9b6919cd2e"}
,"/home/awesam/Code/DSA/reverseNumbers/reverseNumbers.js": {"path":"/home/awesam/Code/DSA/reverseNumbers/reverseNumbers.js","statementMap":{"0":{"start":{"line":1,"column":23},"end":{"line":8,"column":1}},"1":{"start":{"line":2,"column":20},"end":{"line":2,"column":27}},"2":{"start":{"line":3,"column":19},"end":{"line":3,"column":43}},"3":{"start":{"line":4,"column":24},"end":{"line":4,"column":62}},"4":{"start":{"line":5,"column":21},"end":{"line":5,"column":38}},"5":{"start":{"line":7,"column":1},"end":{"line":7,"column":48}},"6":{"start":{"line":10,"column":0},"end":{"line":10,"column":33}}},"fnMap":{"0":{"name":"(anonymous_0)","decl":{"start":{"line":1,"column":23},"end":{"line":1,"column":24}},"loc":{"start":{"line":1,"column":32},"end":{"line":8,"column":1}},"line":1}},"branchMap":{"0":{"loc":{"start":{"line":7,"column":8},"end":{"line":7,"column":47}},"type":"cond-expr","locations":[{"start":{"line":7,"column":21},"end":{"line":7,"column":33}},{"start":{"line":7,"column":36},"end":{"line":7,"column":47}}],"line":7}},"s":{"0":1,"1":4,"2":4,"3":4,"4":4,"5":4,"6":1},"f":{"0":4},"b":{"0":[1,3]},"_coverageSchema":"1a1c01bbd47fc00a2c39e90264f33305004495a9","hash":"3c859f19490115b627ec81f8c7cd70a29302c02d"}
,"/home/awesam/Code/DSA/reverseString/reverseString.js": {"path":"/home/awesam/Code/DSA/reverseString/reverseString.js","statementMap":{"0":{"start":{"line":2,"column":19},"end":{"line":2,"column":21}},"1":{"start":{"line":4,"column":4},"end":{"line":6,"column":5}},"2":{"start":{"line":4,"column":17},"end":{"line":4,"column":31}},"3":{"start":{"line":5,"column":8},"end":{"line":5,"column":27}},"4":{"start":{"line":8,"column":4},"end":{"line":8,"column":20}},"5":{"start":{"line":11,"column":0},"end":{"line":11,"column":31}}},"fnMap":{"0":{"name":"reverseString","decl":{"start":{"line":1,"column":9},"end":{"line":1,"column":22}},"loc":{"start":{"line":1,"column":28},"end":{"line":9,"column":1}},"line":1}},"branchMap":{},"s":{"0":3,"1":3,"2":3,"3":17,"4":3,"5":1},"f":{"0":3},"b":{},"_coverageSchema":"1a1c01bbd47fc00a2c39e90264f33305004495a9","hash":"ffb57a424fb95f1ab4254b06d4e710fcf23f022a"}
}
