TN:
SF:capitalise/capitalise.js
FN:1,capitaliseWords
FN:6,(anonymous_1)
FNF:2
FNH:2
FNDA:5,capitaliseWords
FNDA:8,(anonymous_1)
DA:2,5
DA:3,2
DA:5,3
DA:6,3
DA:7,8
DA:8,8
DA:11,3
DA:13,3
DA:16,1
DA:17,1
LF:10
LH:10
BRDA:2,0,0,2
BRDA:2,0,1,3
BRF:2
BRH:2
end_of_record
TN:
SF:chunkArray/chunkArray.js
FN:1,(anonymous_0)
FNF:1
FNH:1
FNDA:5,(anonymous_0)
DA:1,1
DA:2,5
DA:3,5
DA:5,5
DA:6,13
DA:7,13
DA:10,5
DA:13,1
LF:8
LH:8
BRF:0
BRH:0
end_of_record
TN:
SF:mostCommon/mostCommon.js
FN:1,(anonymous_0)
FN:8,(anonymous_1)
FNF:2
FNH:2
FNDA:6,(anonymous_0)
FNDA:163,(anonymous_1)
DA:1,1
DA:2,6
DA:3,6
DA:4,6
DA:5,6
DA:7,6
DA:8,25
DA:9,163
DA:12,25
DA:13,5
DA:14,5
DA:15,20
DA:16,10
DA:20,6
DA:23,1
LF:15
LH:15
BRDA:12,0,0,5
BRDA:12,0,1,20
BRDA:15,1,0,10
BRDA:15,1,1,10
BRDA:15,2,0,20
BRDA:15,2,1,14
BRF:6
BRH:6
end_of_record
TN:
SF:reverseNumbers/reverseNumbers.js
FN:1,(anonymous_0)
FNF:1
FNH:1
FNDA:4,(anonymous_0)
DA:1,1
DA:2,4
DA:3,4
DA:4,4
DA:5,4
DA:7,4
DA:10,1
LF:7
LH:7
BRDA:7,0,0,1
BRDA:7,0,1,3
BRF:2
BRH:2
end_of_record
TN:
SF:reverseString/reverseString.js
FN:1,reverseString
FNF:1
FNH:1
FNDA:3,reverseString
DA:2,3
DA:4,3
DA:5,17
DA:8,3
DA:11,1
LF:5
LH:5
BRF:0
BRH:0
end_of_record
